{"/workspaces/javaScript/leapYears.js": {"path":"/workspaces/javaScript/leapYears.js","statementMap":{"0":{"start":{"line":2,"column":4},"end":{"line":9,"column":23}},"1":{"start":{"line":3,"column":8},"end":{"line":7,"column":26}},"2":{"start":{"line":4,"column":12},"end":{"line":6,"column":30}},"3":{"start":{"line":5,"column":16},"end":{"line":5,"column":29}},"4":{"start":{"line":6,"column":18},"end":{"line":6,"column":30}},"5":{"start":{"line":7,"column":14},"end":{"line":7,"column":26}},"6":{"start":{"line":9,"column":10},"end":{"line":9,"column":23}},"7":{"start":{"line":12,"column":0},"end":{"line":12,"column":27}}},"fnMap":{"0":{"name":"leapYears","decl":{"start":{"line":1,"column":9},"end":{"line":1,"column":18}},"loc":{"start":{"line":1,"column":25},"end":{"line":10,"column":1}},"line":1}},"branchMap":{"0":{"loc":{"start":{"line":2,"column":4},"end":{"line":9,"column":23}},"type":"if","locations":[{"start":{"line":2,"column":4},"end":{"line":9,"column":23}},{"start":{"line":9,"column":10},"end":{"line":9,"column":23}}],"line":2},"1":{"loc":{"start":{"line":3,"column":8},"end":{"line":7,"column":26}},"type":"if","locations":[{"start":{"line":3,"column":8},"end":{"line":7,"column":26}},{"start":{"line":7,"column":14},"end":{"line":7,"column":26}}],"line":3},"2":{"loc":{"start":{"line":4,"column":12},"end":{"line":6,"column":30}},"type":"if","locations":[{"start":{"line":4,"column":12},"end":{"line":6,"column":30}},{"start":{"line":6,"column":18},"end":{"line":6,"column":30}}],"line":4}},"s":{"0":1,"1":0,"2":0,"3":0,"4":0,"5":0,"6":1,"7":1},"f":{"0":1},"b":{"0":[0,1],"1":[0,0],"2":[0,0]},"_coverageSchema":"1a1c01bbd47fc00a2c39e90264f33305004495a9","hash":"80753cfcf30e3aecb1d9b8249857c08d2b61f3aa"}
,"/workspaces/javaScript/removeFromArray.js": {"path":"/workspaces/javaScript/removeFromArray.js","statementMap":{"0":{"start":{"line":1,"column":16},"end":{"line":1,"column":25}},"1":{"start":{"line":2,"column":17},"end":{"line":2,"column":19}},"2":{"start":{"line":5,"column":4},"end":{"line":10,"column":6}},"3":{"start":{"line":6,"column":8},"end":{"line":9,"column":9}},"4":{"start":{"line":7,"column":12},"end":{"line":7,"column":31}},"5":{"start":{"line":8,"column":12},"end":{"line":8,"column":33}},"6":{"start":{"line":12,"column":4},"end":{"line":12,"column":20}},"7":{"start":{"line":15,"column":0},"end":{"line":15,"column":22}},"8":{"start":{"line":17,"column":0},"end":{"line":17,"column":33}}},"fnMap":{"0":{"name":"removeFromArray","decl":{"start":{"line":4,"column":9},"end":{"line":4,"column":24}},"loc":{"start":{"line":4,"column":26},"end":{"line":13,"column":1}},"line":4},"1":{"name":"(anonymous_1)","decl":{"start":{"line":5,"column":19},"end":{"line":5,"column":20}},"loc":{"start":{"line":5,"column":37},"end":{"line":10,"column":5}},"line":5}},"branchMap":{"0":{"loc":{"start":{"line":6,"column":8},"end":{"line":9,"column":9}},"type":"if","locations":[{"start":{"line":6,"column":8},"end":{"line":9,"column":9}},{"start":{},"end":{}}],"line":6}},"s":{"0":1,"1":1,"2":1,"3":4,"4":3,"5":3,"6":1,"7":1,"8":1},"f":{"0":1,"1":4},"b":{"0":[3,1]},"_coverageSchema":"1a1c01bbd47fc00a2c39e90264f33305004495a9","hash":"9d1c7faa6daf7906c4a0670e3533ef11e5901523"}
,"/workspaces/javaScript/reverseString.js": {"path":"/workspaces/javaScript/reverseString.js","statementMap":{"0":{"start":{"line":9,"column":24},"end":{"line":9,"column":41}},"1":{"start":{"line":10,"column":4},"end":{"line":10,"column":31}},"2":{"start":{"line":12,"column":20},"end":{"line":12,"column":43}},"3":{"start":{"line":13,"column":4},"end":{"line":13,"column":27}},"4":{"start":{"line":15,"column":18},"end":{"line":15,"column":37}},"5":{"start":{"line":16,"column":4},"end":{"line":16,"column":25}},"6":{"start":{"line":19,"column":0},"end":{"line":19,"column":21}}},"fnMap":{"0":{"name":"rS","decl":{"start":{"line":8,"column":9},"end":{"line":8,"column":11}},"loc":{"start":{"line":8,"column":19},"end":{"line":17,"column":1}},"line":8}},"branchMap":{},"s":{"0":1,"1":1,"2":1,"3":1,"4":1,"5":1,"6":1},"f":{"0":1},"b":{},"_coverageSchema":"1a1c01bbd47fc00a2c39e90264f33305004495a9","hash":"b81bed9fc8ae6bba0dde67840daed582238620db"}
,"/workspaces/javaScript/sum.js": {"path":"/workspaces/javaScript/sum.js","statementMap":{"0":{"start":{"line":2,"column":4},"end":{"line":2,"column":11}},"1":{"start":{"line":3,"column":4},"end":{"line":3,"column":13}},"2":{"start":{"line":7,"column":17},"end":{"line":7,"column":19}},"3":{"start":{"line":8,"column":4},"end":{"line":10,"column":5}},"4":{"start":{"line":8,"column":16},"end":{"line":8,"column":17}},"5":{"start":{"line":9,"column":8},"end":{"line":9,"column":23}},"6":{"start":{"line":12,"column":4},"end":{"line":12,"column":18}},"7":{"start":{"line":15,"column":0},"end":{"line":15,"column":39}}},"fnMap":{"0":{"name":"sum","decl":{"start":{"line":1,"column":9},"end":{"line":1,"column":12}},"loc":{"start":{"line":1,"column":17},"end":{"line":4,"column":1}},"line":1},"1":{"name":"repeatString","decl":{"start":{"line":6,"column":9},"end":{"line":6,"column":21}},"loc":{"start":{"line":6,"column":35},"end":{"line":13,"column":1}},"line":6}},"branchMap":{},"s":{"0":2,"1":2,"2":1,"3":1,"4":1,"5":3,"6":1,"7":1},"f":{"0":2,"1":1},"b":{},"_coverageSchema":"1a1c01bbd47fc00a2c39e90264f33305004495a9","hash":"bb4bf2084be5c86d984c3cfba6271b91c07a357b"}
,"/workspaces/javaScript/sumAll.js": {"path":"/workspaces/javaScript/sumAll.js","statementMap":{"0":{"start":{"line":2,"column":4},"end":{"line":2,"column":70}},"1":{"start":{"line":2,"column":55},"end":{"line":2,"column":70}},"2":{"start":{"line":4,"column":4},"end":{"line":8,"column":5}},"3":{"start":{"line":5,"column":19},"end":{"line":5,"column":21}},"4":{"start":{"line":6,"column":8},"end":{"line":6,"column":16}},"5":{"start":{"line":7,"column":8},"end":{"line":7,"column":18}},"6":{"start":{"line":10,"column":14},"end":{"line":10,"column":15}},"7":{"start":{"line":11,"column":4},"end":{"line":13,"column":5}},"8":{"start":{"line":11,"column":16},"end":{"line":11,"column":18}},"9":{"start":{"line":12,"column":8},"end":{"line":12,"column":17}},"10":{"start":{"line":15,"column":4},"end":{"line":15,"column":15}},"11":{"start":{"line":18,"column":0},"end":{"line":18,"column":24}}},"fnMap":{"0":{"name":"sumAll","decl":{"start":{"line":1,"column":9},"end":{"line":1,"column":15}},"loc":{"start":{"line":1,"column":23},"end":{"line":16,"column":1}},"line":1}},"branchMap":{"0":{"loc":{"start":{"line":2,"column":4},"end":{"line":2,"column":70}},"type":"if","locations":[{"start":{"line":2,"column":4},"end":{"line":2,"column":70}},{"start":{},"end":{}}],"line":2},"1":{"loc":{"start":{"line":2,"column":7},"end":{"line":2,"column":53}},"type":"binary-expr","locations":[{"start":{"line":2,"column":7},"end":{"line":2,"column":28}},{"start":{"line":2,"column":32},"end":{"line":2,"column":53}}],"line":2},"2":{"loc":{"start":{"line":4,"column":4},"end":{"line":8,"column":5}},"type":"if","locations":[{"start":{"line":4,"column":4},"end":{"line":8,"column":5}},{"start":{},"end":{}}],"line":4}},"s":{"0":1,"1":1,"2":0,"3":0,"4":0,"5":0,"6":0,"7":0,"8":0,"9":0,"10":0,"11":1},"f":{"0":1},"b":{"0":[1,0],"1":[1,1],"2":[0,0]},"_coverageSchema":"1a1c01bbd47fc00a2c39e90264f33305004495a9","hash":"9e9bb731c20c956e9b76af9dc4a8149b6a265e42"}
,"/workspaces/javaScript/temp.js": {"path":"/workspaces/javaScript/temp.js","statementMap":{"0":{"start":{"line":2,"column":4},"end":{"line":2,"column":26}},"1":{"start":{"line":5,"column":0},"end":{"line":5,"column":22}}},"fnMap":{"0":{"name":"temp","decl":{"start":{"line":1,"column":9},"end":{"line":1,"column":13}},"loc":{"start":{"line":1,"column":16},"end":{"line":3,"column":1}},"line":1}},"branchMap":{},"s":{"0":1,"1":1},"f":{"0":1},"b":{},"_coverageSchema":"1a1c01bbd47fc00a2c39e90264f33305004495a9","hash":"d1602f7e5f2c9df7d618fe08988df7ec7ef1e734"}
}
