TN:
SF:leapYears.js
FN:1,leapYears
FNF:1
FNH:1
FNDA:1,leapYears
DA:2,1
DA:3,0
DA:4,0
DA:5,0
DA:6,0
DA:7,0
DA:9,1
DA:12,1
LF:8
LH:3
BRDA:2,0,0,0
BRDA:2,0,1,1
BRDA:3,1,0,0
BRDA:3,1,1,0
BRDA:4,2,0,0
BRDA:4,2,1,0
BRF:6
BRH:1
end_of_record
TN:
SF:removeFromArray.js
FN:4,removeFromArray
FN:5,(anonymous_1)
FNF:2
FNH:2
FNDA:1,removeFromArray
FNDA:4,(anonymous_1)
DA:1,1
DA:2,1
DA:5,1
DA:6,4
DA:7,3
DA:8,3
DA:12,1
DA:15,1
DA:17,1
LF:9
LH:9
BRDA:6,0,0,3
BRDA:6,0,1,1
BRF:2
BRH:2
end_of_record
TN:
SF:reverseString.js
FN:8,rS
FNF:1
FNH:1
FNDA:1,rS
DA:9,1
DA:10,1
DA:12,1
DA:13,1
DA:15,1
DA:16,1
DA:19,1
LF:7
LH:7
BRF:0
BRH:0
end_of_record
TN:
SF:sum.js
FN:1,sum
FN:6,repeatString
FNF:2
FNH:2
FNDA:2,sum
FNDA:1,repeatString
DA:2,2
DA:3,2
DA:7,1
DA:8,1
DA:9,3
DA:12,1
DA:15,1
LF:7
LH:7
BRF:0
BRH:0
end_of_record
TN:
SF:sumAll.js
FN:1,sumAll
FNF:1
FNH:1
FNDA:1,sumAll
DA:2,1
DA:4,0
DA:5,0
DA:6,0
DA:7,0
DA:10,0
DA:11,0
DA:12,0
DA:15,0
DA:18,1
LF:10
LH:2
BRDA:2,0,0,1
BRDA:2,0,1,0
BRDA:2,1,0,1
BRDA:2,1,1,1
BRDA:4,2,0,0
BRDA:4,2,1,0
BRF:6
BRH:3
end_of_record
TN:
SF:temp.js
FN:1,temp
FNF:1
FNH:1
FNDA:1,temp
DA:2,1
DA:5,1
LF:2
LH:2
BRF:0
BRH:0
end_of_record
